"../../../Engine/Content/EditorResources/S_Actor.ubulk" 0
"../../../Engine/Content/EditorResources/S_Actor.uasset" 1
"../../../Engine/Content/EditorResources/S_Actor.uexp" 2
"../../../Engine/Content/EditorResources/S_BoxReflectionCapture.uasset" 3
"../../../Engine/Content/EditorResources/S_BoxReflectionCapture.uexp" 4
"../../../Engine/Content/EngineResources/DefaultTexture.ubulk" 5
"../../../Engine/Content/EngineResources/DefaultTexture.uasset" 6
"../../../Engine/Content/EngineResources/DefaultTexture.uexp" 7
"../../../Engine/Content/EngineResources/DefaultTextureCube.uasset" 8
"../../../Engine/Content/EngineResources/DefaultTextureCube.uexp" 9
"../../../Engine/Content/EngineResources/DefaultVolumeTexture2D.uasset" 10
"../../../Engine/Content/EngineResources/DefaultVolumeTexture2D.uexp" 11
"../../../Engine/Content/EngineResources/DefaultVolumeTexture.uasset" 12
"../../../Engine/Content/EngineResources/DefaultVolumeTexture.uexp" 13
"../../../Engine/Content/EditorResources/S_Trigger.ubulk" 14
"../../../Engine/Content/EditorResources/S_Trigger.uasset" 15
"../../../Engine/Content/EditorResources/S_Trigger.uexp" 16
"../../../Engine/Content/EditorResources/S_TriggerBox.uasset" 17
"../../../Engine/Content/EditorResources/S_TriggerBox.uexp" 18
"../../../Engine/Content/EditorResources/S_TriggerCapsule.uasset" 19
"../../../Engine/Content/EditorResources/S_TriggerCapsule.uexp" 20
"../../../Engine/Content/EditorResources/S_TriggerSphere.uasset" 21
"../../../Engine/Content/EditorResources/S_TriggerSphere.uexp" 22
"../../../Engine/Content/EngineMeshes/Sphere.ubulk" 23
"../../../Engine/Content/EngineMeshes/Sphere.uasset" 24
"../../../Engine/Content/EngineMeshes/Sphere.uexp" 25
"../../../Engine/Content/EngineResources/GradientTexture0.uasset" 26
"../../../Engine/Content/EngineResources/GradientTexture0.uexp" 27
"../../../Engine/Content/EngineResources/Black.uasset" 28
"../../../Engine/Content/EngineResources/Black.uexp" 29
"../../../Engine/Content/VREditor/LaserPointer/VR_LaserPower_01.ubulk" 30
"../../../Engine/Content/VREditor/LaserPointer/VR_LaserPower_01.uasset" 31
"../../../Engine/Content/VREditor/LaserPointer/VR_LaserPower_01.uexp" 32
"../../../Engine/Content/VREditor/TransformGizmo/TransformGizmoMaterial.uasset" 33
"../../../Engine/Content/VREditor/TransformGizmo/TransformGizmoMaterial.uexp" 34
"../../../Engine/Content/VREditor/TransformGizmo/TranslucentTransformGizmoMaterial.uasset" 35
"../../../Engine/Content/VREditor/TransformGizmo/TranslucentTransformGizmoMaterial.uexp" 36
"../../../Engine/Content/VREditor/TransformGizmo/PlaneTranslationHandle.ubulk" 37
"../../../Engine/Content/VREditor/TransformGizmo/PlaneTranslationHandle.uasset" 38
"../../../Engine/Content/VREditor/TransformGizmo/PlaneTranslationHandle.uexp" 39
"../../../Engine/Content/VREditor/TransformGizmo/BoundingBoxCorner.ubulk" 40
"../../../Engine/Content/VREditor/TransformGizmo/BoundingBoxCorner.uasset" 41
"../../../Engine/Content/VREditor/TransformGizmo/BoundingBoxCorner.uexp" 42
"../../../Engine/Content/VREditor/TransformGizmo/BoundingBoxEdge.ubulk" 43
"../../../Engine/Content/VREditor/TransformGizmo/BoundingBoxEdge.uasset" 44
"../../../Engine/Content/VREditor/TransformGizmo/BoundingBoxEdge.uexp" 45
"../../../Engine/Content/VREditor/TransformGizmo/Main.uasset" 46
"../../../Engine/Content/VREditor/TransformGizmo/Main.uexp" 47
"../../../Engine/Content/VREditor/TransformGizmo/Xray.uasset" 48
"../../../Engine/Content/VREditor/TransformGizmo/Xray.uexp" 49
"../../../Engine/Content/VREditor/TransformGizmo/SM_Sequencer_Node.ubulk" 50
"../../../Engine/Content/VREditor/TransformGizmo/SM_Sequencer_Node.uasset" 51
"../../../Engine/Content/VREditor/TransformGizmo/SM_Sequencer_Node.uexp" 52
"../../../Engine/Content/EditorMaterials/Camera/CineMat.uasset" 53
"../../../Engine/Content/EditorMaterials/Camera/CineMat.uexp" 54
"../../../Engine/Content/EditorMaterials/Camera/MI_CineMat_Rig.uasset" 55
"../../../Engine/Content/EditorMaterials/Camera/MI_CineMat_Rig.uexp" 56
"../../../Engine/Content/EditorMeshes/Camera/SM_CraneRig_Base.ubulk" 57
"../../../Engine/Content/EditorMeshes/Camera/SM_CraneRig_Base.uasset" 58
"../../../Engine/Content/EditorMeshes/Camera/SM_CraneRig_Base.uexp" 59
"../../../Engine/Content/EditorMeshes/Camera/SM_CraneRig_Arm.ubulk" 60
"../../../Engine/Content/EditorMeshes/Camera/SM_CraneRig_Arm.uasset" 61
"../../../Engine/Content/EditorMeshes/Camera/SM_CraneRig_Arm.uexp" 62
"../../../Engine/Content/EditorMeshes/Camera/SM_CraneRig_Mount.ubulk" 63
"../../../Engine/Content/EditorMeshes/Camera/SM_CraneRig_Mount.uasset" 64
"../../../Engine/Content/EditorMeshes/Camera/SM_CraneRig_Mount.uexp" 65
"../../../Engine/Content/EditorMeshes/Camera/SM_CraneRig_Body.ubulk" 66
"../../../Engine/Content/EditorMeshes/Camera/SM_CraneRig_Body.uasset" 67
"../../../Engine/Content/EditorMeshes/Camera/SM_CraneRig_Body.uexp" 68
"../../../Engine/Content/EditorMeshes/Camera/SM_RailRig_Track.ubulk" 69
"../../../Engine/Content/EditorMeshes/Camera/SM_RailRig_Track.uasset" 70
"../../../Engine/Content/EditorMeshes/Camera/SM_RailRig_Track.uexp" 71
"../../../Engine/Content/EditorMeshes/Camera/SM_RailRig_Mount.ubulk" 72
"../../../Engine/Content/EditorMeshes/Camera/SM_RailRig_Mount.uasset" 73
"../../../Engine/Content/EditorMeshes/Camera/SM_RailRig_Mount.uexp" 74
"../../../Engine/Content/EngineMaterials/T_Default_Material_Grid_M.ubulk" 75
"../../../Engine/Content/EngineMaterials/T_Default_Material_Grid_M.uasset" 76
"../../../Engine/Content/EngineMaterials/T_Default_Material_Grid_M.uexp" 77
"../../../Engine/Content/EngineMaterials/T_Default_Material_Grid_N.ubulk" 78
"../../../Engine/Content/EngineMaterials/T_Default_Material_Grid_N.uasset" 79
"../../../Engine/Content/EngineMaterials/T_Default_Material_Grid_N.uexp" 80
"../../../Engine/Content/Functions/Engine_MaterialFunctions01/Opacity/CameraDepthFade.uasset" 81
"../../../Engine/Content/Functions/Engine_MaterialFunctions01/Opacity/CameraDepthFade.uexp" 82
"../../../Engine/Content/EngineMaterials/WorldGridMaterial.uasset" 83
"../../../Engine/Content/EngineMaterials/WorldGridMaterial.uexp" 84
"../../../Engine/Content/ArtTools/RenderToTexture/Meshes/S_1_Unit_Plane.ubulk" 85
"../../../Engine/Content/ArtTools/RenderToTexture/Meshes/S_1_Unit_Plane.uasset" 86
"../../../Engine/Content/ArtTools/RenderToTexture/Meshes/S_1_Unit_Plane.uexp" 87
"../../../Engine/Content/EditorMaterials/ParticleSystems/PSysThumbnail_NoImage.ubulk" 88
"../../../Engine/Content/EditorMaterials/ParticleSystems/PSysThumbnail_NoImage.uasset" 89
"../../../Engine/Content/EditorMaterials/ParticleSystems/PSysThumbnail_NoImage.uexp" 90
"../../../Engine/Content/EditorMaterials/ParticleSystems/PSysThumbnail_OOD.ubulk" 91
"../../../Engine/Content/EditorMaterials/ParticleSystems/PSysThumbnail_OOD.uasset" 92
"../../../Engine/Content/EditorMaterials/ParticleSystems/PSysThumbnail_OOD.uexp" 93
"../../../Engine/Content/EditorLandscapeResources/SplineEditorMeshMat.uasset" 94
"../../../Engine/Content/EditorLandscapeResources/SplineEditorMeshMat.uexp" 95
"../../../Engine/Content/EditorLandscapeResources/SplineEditorMesh.ubulk" 96
"../../../Engine/Content/EditorLandscapeResources/SplineEditorMesh.uasset" 97
"../../../Engine/Content/EditorLandscapeResources/SplineEditorMesh.uexp" 98
"../../../Engine/Content/EditorResources/S_Solver.ubulk" 99
"../../../Engine/Content/EditorResources/S_Solver.uasset" 100
"../../../Engine/Content/EditorResources/S_Solver.uexp" 101
"../../../Engine/Plugins/Media/MediaPlate/Content/SM_MediaPlateScreen.ubulk" 102
"../../../Engine/Plugins/Media/MediaPlate/Content/SM_MediaPlateScreen.uasset" 103
"../../../Engine/Plugins/Media/MediaPlate/Content/SM_MediaPlateScreen.uexp" 104
"../../../Engine/Content/EngineMaterials/Good64x64TilingNoiseHighFreq.uasset" 105
"../../../Engine/Content/EngineMaterials/Good64x64TilingNoiseHighFreq.uexp" 106
"../../../Engine/Content/EngineMaterials/DefaultBokeh.uasset" 107
"../../../Engine/Content/EngineMaterials/DefaultBokeh.uexp" 108
"../../../Engine/Content/EngineMaterials/PreintegratedSkinBRDF.uasset" 109
"../../../Engine/Content/EngineMaterials/PreintegratedSkinBRDF.uexp" 110
"../../../Engine/Content/EngineMaterials/MiniFont.uasset" 111
"../../../Engine/Content/EngineMaterials/MiniFont.uexp" 112
"../../../Engine/Content/EngineMaterials/WeightMapPlaceholderTexture.uasset" 113
"../../../Engine/Content/EngineMaterials/WeightMapPlaceholderTexture.uexp" 114
"../../../Engine/Content/EngineMaterials/DefaultWhiteGrid.ubulk" 115
"../../../Engine/Content/EngineMaterials/DefaultWhiteGrid.uasset" 116
"../../../Engine/Content/EngineMaterials/DefaultWhiteGrid.uexp" 117
"../../../Engine/Plugins/2D/Paper2D/Content/PlaceholderTextures/DummySpriteTexture.ubulk" 118
"../../../Engine/Plugins/2D/Paper2D/Content/PlaceholderTextures/DummySpriteTexture.uasset" 119
"../../../Engine/Plugins/2D/Paper2D/Content/PlaceholderTextures/DummySpriteTexture.uexp" 120
"../../../Engine/Plugins/2D/Paper2D/Content/DefaultSpriteMaterial.uasset" 121
"../../../Engine/Plugins/2D/Paper2D/Content/DefaultSpriteMaterial.uexp" 122
"../../../Engine/Plugins/2D/Paper2D/Content/OpaqueUnlitSpriteMaterial.uasset" 123
"../../../Engine/Plugins/2D/Paper2D/Content/OpaqueUnlitSpriteMaterial.uexp" 124
"../../../Engine/Plugins/2D/Paper2D/Content/MaskedUnlitSpriteMaterial.uasset" 125
"../../../Engine/Plugins/2D/Paper2D/Content/MaskedUnlitSpriteMaterial.uexp" 126
"../../../Engine/Plugins/2D/Paper2D/Content/DummySprite.uasset" 127
"../../../Engine/Plugins/2D/Paper2D/Content/DummySprite.uexp" 128
"../../../Engine/Plugins/2D/Paper2D/Content/DefaultPaperTerrainMaterial.uasset" 129
"../../../Engine/Plugins/2D/Paper2D/Content/DefaultPaperTerrainMaterial.uexp" 130
"../../../Engine/Content/Functions/Engine_MaterialFunctions02/WorldPositionOffset/CameraOffset.uasset" 131
"../../../Engine/Content/Functions/Engine_MaterialFunctions02/WorldPositionOffset/CameraOffset.uexp" 132
"../../../Engine/Plugins/Animation/ControlRig/Content/M_Manip.uasset" 133
"../../../Engine/Plugins/Animation/ControlRig/Content/M_Manip.uexp" 134
"../../../Engine/Content/Animation/DefaultRecorderBoneCompression.uasset" 135
"../../../Engine/Content/Animation/DefaultRecorderBoneCompression.uexp" 136
"../../../Engine/Content/Animation/DefaultAnimCurveCompressionSettings.uasset" 137
"../../../Engine/Content/Animation/DefaultAnimCurveCompressionSettings.uexp" 138
"../../../Engine/Content/Animation/DefaultAnimBoneCompressionSettings.uasset" 139
"../../../Engine/Content/Animation/DefaultAnimBoneCompressionSettings.uexp" 140
"../../../Engine/Content/EngineMaterials/DefaultMaterial.uasset" 141
"../../../Engine/Content/EngineMaterials/DefaultMaterial.uexp" 142
"../../../Engine/Content/BasicShapes/Sphere.ubulk" 143
"../../../Engine/Content/BasicShapes/Sphere.uasset" 144
"../../../Engine/Content/BasicShapes/Sphere.uexp" 145
"../../../Engine/Content/BasicShapes/Plane.ubulk" 146
"../../../Engine/Content/BasicShapes/Plane.uasset" 147
"../../../Engine/Content/BasicShapes/Plane.uexp" 148
"../../../Engine/Content/BasicShapes/Cylinder.ubulk" 149
"../../../Engine/Content/BasicShapes/Cylinder.uasset" 150
"../../../Engine/Content/BasicShapes/Cylinder.uexp" 151
"../../../Engine/Content/BasicShapes/Cone.ubulk" 152
"../../../Engine/Content/BasicShapes/Cone.uasset" 153
"../../../Engine/Content/BasicShapes/Cone.uexp" 154
"../../../Engine/Content/EditorMaterials/PreviewShadowIndicator.ubulk" 155
"../../../Engine/Content/EditorMaterials/PreviewShadowIndicator.uasset" 156
"../../../Engine/Content/EditorMaterials/PreviewShadowIndicator.uexp" 157
"../../../Engine/Content/EditorMaterials/PreviewShadowIndicatorMaterial.uasset" 158
"../../../Engine/Content/EditorMaterials/PreviewShadowIndicatorMaterial.uexp" 159
"../../../Engine/Content/EditorMaterials/PhAT_UnselectedMaterial.uasset" 160
"../../../Engine/Content/EditorMaterials/PhAT_UnselectedMaterial.uexp" 161
"../../../Engine/Content/EditorMaterials/PhAT_NoCollisionMaterial.uasset" 162
"../../../Engine/Content/EditorMaterials/PhAT_NoCollisionMaterial.uexp" 163
"../../../Engine/Content/Functions/Engine_MaterialFunctions02/Utility/CameraDirectionVector.uasset" 164
"../../../Engine/Content/Functions/Engine_MaterialFunctions02/Utility/CameraDirectionVector.uexp" 165
"../../../Engine/Content/EngineDebugMaterials/VolumeToRender.uasset" 166
"../../../Engine/Content/EngineDebugMaterials/VolumeToRender.uexp" 167
"../../../Engine/Content/EngineDebugMaterials/M_VolumeRenderSphereTracePP.uasset" 168
"../../../Engine/Content/EngineDebugMaterials/M_VolumeRenderSphereTracePP.uexp" 169
"../../../Engine/Content/EngineDebugMaterials/M_SimpleUnlitTranslucent.uasset" 170
"../../../Engine/Content/EngineDebugMaterials/M_SimpleUnlitTranslucent.uexp" 171
"../../../Engine/Content/EngineDebugMaterials/DebugMeshMaterial.uasset" 172
"../../../Engine/Content/EngineDebugMaterials/DebugMeshMaterial.uexp" 173
"../../../Engine/Content/EngineDebugMaterials/DebugEditorMaterial.uasset" 174
"../../../Engine/Content/EngineDebugMaterials/DebugEditorMaterial.uexp" 175
"../../../Engine/Content/EngineDamageTypes/DmgTypeBP_Environmental.uasset" 176
"../../../Engine/Content/EngineDamageTypes/DmgTypeBP_Environmental.uexp" 177
"../../../Engine/Plugins/Animation/ControlRig/Content/Controls/DefaultGizmoLibraryNormalized.uasset" 178
"../../../Engine/Plugins/Animation/ControlRig/Content/Controls/DefaultGizmoLibraryNormalized.uexp" 179
"../../../Engine/Plugins/Animation/ControlRig/Content/Controls/ControlRig_Wedge_solid.ubulk" 180
"../../../Engine/Plugins/Animation/ControlRig/Content/Controls/ControlRig_Wedge_solid.uasset" 181
"../../../Engine/Plugins/Animation/ControlRig/Content/Controls/ControlRig_Wedge_solid.uexp" 182
"../../../Engine/Plugins/Animation/ControlRig/Content/Controls/ControlRig_Wedge_3mm.ubulk" 183
"../../../Engine/Plugins/Animation/ControlRig/Content/Controls/ControlRig_Wedge_3mm.uasset" 184
"../../../Engine/Plugins/Animation/ControlRig/Content/Controls/ControlRig_Wedge_3mm.uexp" 185
"../../../Engine/Plugins/Animation/ControlRig/Content/Controls/ControlRig_Wedge_1mm.ubulk" 186
"../../../Engine/Plugins/Animation/ControlRig/Content/Controls/ControlRig_Wedge_1mm.uasset" 187
"../../../Engine/Plugins/Animation/ControlRig/Content/Controls/ControlRig_Wedge_1mm.uexp" 188
"../../../Engine/Plugins/Animation/ControlRig/Content/Controls/ControlRig_Triangle_solid.ubulk" 189
"../../../Engine/Plugins/Animation/ControlRig/Content/Controls/ControlRig_Triangle_solid.uasset" 190
"../../../Engine/Plugins/Animation/ControlRig/Content/Controls/ControlRig_Triangle_solid.uexp" 191
"../../../Engine/Plugins/Animation/ControlRig/Content/Controls/ControlRig_Triangle_3mm.ubulk" 192
"../../../Engine/Plugins/Animation/ControlRig/Content/Controls/ControlRig_Triangle_3mm.uasset" 193
"../../../Engine/Plugins/Animation/ControlRig/Content/Controls/ControlRig_Triangle_3mm.uexp" 194
"../../../Engine/Plugins/Animation/ControlRig/Content/Controls/ControlRig_Triangle_1mm.ubulk" 195
"../../../Engine/Plugins/Animation/ControlRig/Content/Controls/ControlRig_Triangle_1mm.uasset" 196
"../../../Engine/Plugins/Animation/ControlRig/Content/Controls/ControlRig_Triangle_1mm.uexp" 197
"../../../Engine/Plugins/Animation/ControlRig/Content/Controls/ControlRig_Star4_solid.ubulk" 198
"../../../Engine/Plugins/Animation/ControlRig/Content/Controls/ControlRig_Star4_solid.uasset" 199
"../../../Engine/Plugins/Animation/ControlRig/Content/Controls/ControlRig_Star4_solid.uexp" 200
"../../../Engine/Plugins/Animation/ControlRig/Content/Controls/ControlRig_Star4_3mm.ubulk" 201
"../../../Engine/Plugins/Animation/ControlRig/Content/Controls/ControlRig_Star4_3mm.uasset" 202
"../../../Engine/Plugins/Animation/ControlRig/Content/Controls/ControlRig_Star4_3mm.uexp" 203
"../../../Engine/Plugins/Animation/ControlRig/Content/Controls/ControlRig_Star4_1mm.ubulk" 204
"../../../Engine/Plugins/Animation/ControlRig/Content/Controls/ControlRig_Star4_1mm.uasset" 205
"../../../Engine/Plugins/Animation/ControlRig/Content/Controls/ControlRig_Star4_1mm.uexp" 206
"../../../Engine/Plugins/Animation/ControlRig/Content/Controls/ControlRig_Square_solid.ubulk" 207
"../../../Engine/Plugins/Animation/ControlRig/Content/Controls/ControlRig_Square_solid.uasset" 208
"../../../Engine/Plugins/Animation/ControlRig/Content/Controls/ControlRig_Square_solid.uexp" 209
"../../../Engine/Plugins/Animation/ControlRig/Content/Controls/ControlRig_Square_3mm.ubulk" 210
"../../../Engine/Plugins/Animation/ControlRig/Content/Controls/ControlRig_Square_3mm.uasset" 211
"../../../Engine/Plugins/Animation/ControlRig/Content/Controls/ControlRig_Square_3mm.uexp" 212
"../../../Engine/Plugins/Animation/ControlRig/Content/Controls/ControlRig_Square_1mm.ubulk" 213
"../../../Engine/Plugins/Animation/ControlRig/Content/Controls/ControlRig_Square_1mm.uasset" 214
"../../../Engine/Plugins/Animation/ControlRig/Content/Controls/ControlRig_Square_1mm.uexp" 215
"../../../Engine/Plugins/Animation/ControlRig/Content/Controls/ControlRig_Sphere_solid.ubulk" 216
"../../../Engine/Plugins/Animation/ControlRig/Content/Controls/ControlRig_Sphere_solid.uasset" 217
"../../../Engine/Plugins/Animation/ControlRig/Content/Controls/ControlRig_Sphere_solid.uexp" 218
"../../../Engine/Plugins/Animation/ControlRig/Content/Controls/ControlRig_Sphere_3mm.ubulk" 219
"../../../Engine/Plugins/Animation/ControlRig/Content/Controls/ControlRig_Sphere_3mm.uasset" 220
"../../../Engine/Plugins/Animation/ControlRig/Content/Controls/ControlRig_Sphere_3mm.uexp" 221
"../../../Engine/Plugins/Animation/ControlRig/Content/Controls/ControlRig_Sphere_1mm.ubulk" 222
"../../../Engine/Plugins/Animation/ControlRig/Content/Controls/ControlRig_Sphere_1mm.uasset" 223
"../../../Engine/Plugins/Animation/ControlRig/Content/Controls/ControlRig_Sphere_1mm.uexp" 224
"../../../Engine/Plugins/Animation/ControlRig/Content/Controls/ControlRig_RoundedTriangle_solid.ubulk" 225
"../../../Engine/Plugins/Animation/ControlRig/Content/Controls/ControlRig_RoundedTriangle_solid.uasset" 226
"../../../Engine/Plugins/Animation/ControlRig/Content/Controls/ControlRig_RoundedTriangle_solid.uexp" 227
"../../../Engine/Plugins/Animation/ControlRig/Content/Controls/ControlRig_RoundedTriangle_3mm.ubulk" 228
"../../../Engine/Plugins/Animation/ControlRig/Content/Controls/ControlRig_RoundedTriangle_3mm.uasset" 229
"../../../Engine/Plugins/Animation/ControlRig/Content/Controls/ControlRig_RoundedTriangle_3mm.uexp" 230
"../../../Engine/Plugins/Animation/ControlRig/Content/Controls/ControlRig_RoundedTriangle_1mm.ubulk" 231
"../../../Engine/Plugins/Animation/ControlRig/Content/Controls/ControlRig_RoundedTriangle_1mm.uasset" 232
"../../../Engine/Plugins/Animation/ControlRig/Content/Controls/ControlRig_RoundedTriangle_1mm.uexp" 233
"../../../Engine/Plugins/Animation/ControlRig/Content/Controls/ControlRig_RoundedSquare_solid.ubulk" 234
"../../../Engine/Plugins/Animation/ControlRig/Content/Controls/ControlRig_RoundedSquare_solid.uasset" 235
"../../../Engine/Plugins/Animation/ControlRig/Content/Controls/ControlRig_RoundedSquare_solid.uexp" 236
"../../../Engine/Plugins/Animation/ControlRig/Content/Controls/ControlRig_RoundedSquare_3mm.ubulk" 237
"../../../Engine/Plugins/Animation/ControlRig/Content/Controls/ControlRig_RoundedSquare_3mm.uasset" 238
"../../../Engine/Plugins/Animation/ControlRig/Content/Controls/ControlRig_RoundedSquare_3mm.uexp" 239
"../../../Engine/Plugins/Animation/ControlRig/Content/Controls/ControlRig_RoundedSquare_1mm.ubulk" 240
"../../../Engine/Plugins/Animation/ControlRig/Content/Controls/ControlRig_RoundedSquare_1mm.uasset" 241
"../../../Engine/Plugins/Animation/ControlRig/Content/Controls/ControlRig_RoundedSquare_1mm.uexp" 242
"../../../Engine/Plugins/Animation/ControlRig/Content/Controls/ControlRig_QuarterCircle_solid.ubulk" 243
"../../../Engine/Plugins/Animation/ControlRig/Content/Controls/ControlRig_QuarterCircle_solid.uasset" 244
"../../../Engine/Plugins/Animation/ControlRig/Content/Controls/ControlRig_QuarterCircle_solid.uexp" 245
"../../../Engine/Plugins/Animation/ControlRig/Content/Controls/ControlRig_QuarterCircle_3mm.ubulk" 246
"../../../Engine/Plugins/Animation/ControlRig/Content/Controls/ControlRig_QuarterCircle_3mm.uasset" 247
"../../../Engine/Plugins/Animation/ControlRig/Content/Controls/ControlRig_QuarterCircle_3mm.uexp" 248
"../../../Engine/Plugins/Animation/ControlRig/Content/Controls/ControlRig_QuarterCircle_1mm.ubulk" 249
"../../../Engine/Plugins/Animation/ControlRig/Content/Controls/ControlRig_QuarterCircle_1mm.uasset" 250
"../../../Engine/Plugins/Animation/ControlRig/Content/Controls/ControlRig_QuarterCircle_1mm.uexp" 251
"../../../Engine/Plugins/Animation/ControlRig/Content/Controls/ControlRig_Pyramid_solid.ubulk" 252
"../../../Engine/Plugins/Animation/ControlRig/Content/Controls/ControlRig_Pyramid_solid.uasset" 253
"../../../Engine/Plugins/Animation/ControlRig/Content/Controls/ControlRig_Pyramid_solid.uexp" 254
"../../../Engine/Plugins/Animation/ControlRig/Content/Controls/ControlRig_Pyramid_3mm.ubulk" 255
"../../../Engine/Plugins/Animation/ControlRig/Content/Controls/ControlRig_Pyramid_3mm.uasset" 256
"../../../Engine/Plugins/Animation/ControlRig/Content/Controls/ControlRig_Pyramid_3mm.uexp" 257
"../../../Engine/Plugins/Animation/ControlRig/Content/Controls/ControlRig_Pyramid_1mm.ubulk" 258
"../../../Engine/Plugins/Animation/ControlRig/Content/Controls/ControlRig_Pyramid_1mm.uasset" 259
"../../../Engine/Plugins/Animation/ControlRig/Content/Controls/ControlRig_Pyramid_1mm.uexp" 260
"../../../Engine/Plugins/Animation/ControlRig/Content/Controls/ControlRig_Octagon_solid.ubulk" 261
"../../../Engine/Plugins/Animation/ControlRig/Content/Controls/ControlRig_Octagon_solid.uasset" 262
"../../../Engine/Plugins/Animation/ControlRig/Content/Controls/ControlRig_Octagon_solid.uexp" 263
"../../../Engine/Plugins/Animation/ControlRig/Content/Controls/ControlRig_Octagon_3mm.ubulk" 264
"../../../Engine/Plugins/Animation/ControlRig/Content/Controls/ControlRig_Octagon_3mm.uasset" 265
"../../../Engine/Plugins/Animation/ControlRig/Content/Controls/ControlRig_Octagon_3mm.uexp" 266
"../../../Engine/Plugins/Animation/ControlRig/Content/Controls/ControlRig_Octagon_1mm.ubulk" 267
"../../../Engine/Plugins/Animation/ControlRig/Content/Controls/ControlRig_Octagon_1mm.uasset" 268
"../../../Engine/Plugins/Animation/ControlRig/Content/Controls/ControlRig_Octagon_1mm.uexp" 269
"../../../Engine/Plugins/Animation/ControlRig/Content/Controls/ControlRig_Hexagon_solid.ubulk" 270
"../../../Engine/Plugins/Animation/ControlRig/Content/Controls/ControlRig_Hexagon_solid.uasset" 271
"../../../Engine/Plugins/Animation/ControlRig/Content/Controls/ControlRig_Hexagon_solid.uexp" 272
"../../../Engine/Plugins/Animation/ControlRig/Content/Controls/ControlRig_Hexagon_3mm.ubulk" 273
"../../../Engine/Plugins/Animation/ControlRig/Content/Controls/ControlRig_Hexagon_3mm.uasset" 274
"../../../Engine/Plugins/Animation/ControlRig/Content/Controls/ControlRig_Hexagon_3mm.uexp" 275
"../../../Engine/Plugins/Animation/ControlRig/Content/Controls/ControlRig_Hexagon_1mm.ubulk" 276
"../../../Engine/Plugins/Animation/ControlRig/Content/Controls/ControlRig_Hexagon_1mm.uasset" 277
"../../../Engine/Plugins/Animation/ControlRig/Content/Controls/ControlRig_Hexagon_1mm.uexp" 278
"../../../Engine/Plugins/Animation/ControlRig/Content/Controls/ControlRig_HalfCircle_solid.ubulk" 279
"../../../Engine/Plugins/Animation/ControlRig/Content/Controls/ControlRig_HalfCircle_solid.uasset" 280
"../../../Engine/Plugins/Animation/ControlRig/Content/Controls/ControlRig_HalfCircle_solid.uexp" 281
"../../../Engine/Plugins/Animation/ControlRig/Content/Controls/ControlRig_HalfCircle_3mm.ubulk" 282
"../../../Engine/Plugins/Animation/ControlRig/Content/Controls/ControlRig_HalfCircle_3mm.uasset" 283
"../../../Engine/Plugins/Animation/ControlRig/Content/Controls/ControlRig_HalfCircle_3mm.uexp" 284
"../../../Engine/Plugins/Animation/ControlRig/Content/Controls/ControlRig_HalfCircle_1mm.ubulk" 285
"../../../Engine/Plugins/Animation/ControlRig/Content/Controls/ControlRig_HalfCircle_1mm.uasset" 286
"../../../Engine/Plugins/Animation/ControlRig/Content/Controls/ControlRig_HalfCircle_1mm.uexp" 287
"../../../Engine/Plugins/Runtime/MeshModelingToolset/Content/Materials/M_DynamicMeshComponentVtxColor.uasset" 288
"../../../Engine/Plugins/Runtime/MeshModelingToolset/Content/Materials/M_DynamicMeshComponentVtxColor.uexp" 289
"../../../Engine/Plugins/Interchange/Runtime/Content/Pipelines/DefaultTexturePipeline.uasset" 290
"../../../Engine/Plugins/Interchange/Runtime/Content/Pipelines/DefaultTexturePipeline.uexp" 291
"../../../Engine/Plugins/Interchange/Runtime/Content/Pipelines/DefaultSceneLevelPipeline.uasset" 292
"../../../Engine/Plugins/Interchange/Runtime/Content/Pipelines/DefaultSceneLevelPipeline.uexp" 293
"../../../Engine/Plugins/Interchange/Runtime/Content/Pipelines/DefaultSceneAssetsPipeline.uasset" 294
"../../../Engine/Plugins/Interchange/Runtime/Content/Pipelines/DefaultSceneAssetsPipeline.uexp" 295
"../../../Engine/Plugins/Interchange/Runtime/Content/Pipelines/DefaultMaterialPipeline.uasset" 296
"../../../Engine/Plugins/Interchange/Runtime/Content/Pipelines/DefaultMaterialPipeline.uexp" 297
"../../../Engine/Plugins/Interchange/Runtime/Content/Pipelines/DefaultAssetsPipeline.uasset" 298
"../../../Engine/Plugins/Interchange/Runtime/Content/Pipelines/DefaultAssetsPipeline.uexp" 299
"../../../Engine/Plugins/Editor/SpeedTreeImporter/Content/SpeedTree9/game_wind_noise.ubulk" 300
"../../../Engine/Plugins/Editor/SpeedTreeImporter/Content/SpeedTree9/game_wind_noise.uasset" 301
"../../../Engine/Plugins/Editor/SpeedTreeImporter/Content/SpeedTree9/game_wind_noise.uexp" 302
"../../../Engine/Plugins/Editor/SpeedTreeImporter/Content/SpeedTree9/UnpackDirection.uasset" 303
"../../../Engine/Plugins/Editor/SpeedTreeImporter/Content/SpeedTree9/UnpackDirection.uexp" 304
"../../../Engine/Content/Functions/Engine_MaterialFunctions02/ObjectLocalBounds.uasset" 305
"../../../Engine/Content/Functions/Engine_MaterialFunctions02/ObjectLocalBounds.uexp" 306
"../../../Engine/Content/Functions/Engine_MaterialFunctions02/Utility/BreakOutFloat3Components.uasset" 307
"../../../Engine/Content/Functions/Engine_MaterialFunctions02/Utility/BreakOutFloat3Components.uexp" 308
"../../../Engine/Content/Functions/Engine_MaterialFunctions02/UVs/BoundingBoxBased_0-1_UVW.uasset" 309
"../../../Engine/Content/Functions/Engine_MaterialFunctions02/UVs/BoundingBoxBased_0-1_UVW.uexp" 310
"../../../Engine/Content/Functions/Engine_MaterialFunctions02/Utility/VectorLength.uasset" 311
"../../../Engine/Content/Functions/Engine_MaterialFunctions02/Utility/VectorLength.uexp" 312
"../../../Engine/Plugins/Editor/SpeedTreeImporter/Content/SpeedTree9/UnpackInteger3.uasset" 313
"../../../Engine/Plugins/Editor/SpeedTreeImporter/Content/SpeedTree9/UnpackInteger3.uexp" 314
"../../../Engine/Plugins/Editor/SpeedTreeImporter/Content/SpeedTree9/SpeedTreeCameraFacing.uasset" 315
"../../../Engine/Plugins/Editor/SpeedTreeImporter/Content/SpeedTree9/SpeedTreeCameraFacing.uexp" 316
"../../../Engine/Content/Functions/Engine_MaterialFunctions02/WorldPositionOffset/ObjectScale.uasset" 317
"../../../Engine/Content/Functions/Engine_MaterialFunctions02/WorldPositionOffset/ObjectScale.uexp" 318
"../../../Engine/Content/Functions/Engine_MaterialFunctions02/SafeNormalize.uasset" 319
"../../../Engine/Content/Functions/Engine_MaterialFunctions02/SafeNormalize.uexp" 320
"../../../Engine/Plugins/Editor/SpeedTreeImporter/Content/SpeedTree9/SpeedTreeWindMotion.uasset" 321
"../../../Engine/Plugins/Editor/SpeedTreeImporter/Content/SpeedTree9/SpeedTreeWindMotion.uexp" 322
"../../../Engine/Plugins/Editor/SpeedTreeImporter/Content/SpeedTree9/SpeedTreeBranchMotion.uasset" 323
"../../../Engine/Plugins/Editor/SpeedTreeImporter/Content/SpeedTree9/SpeedTreeBranchMotion.uexp" 324
"../../../Engine/Plugins/Editor/SpeedTreeImporter/Content/SpeedTree9/SpeedTreeWind.uasset" 325
"../../../Engine/Plugins/Editor/SpeedTreeImporter/Content/SpeedTree9/SpeedTreeWind.uexp" 326
"../../../Engine/Plugins/Editor/SpeedTreeImporter/Content/SpeedTree9/EmptyNormal.uasset" 327
"../../../Engine/Plugins/Editor/SpeedTreeImporter/Content/SpeedTree9/EmptyNormal.uexp" 328
"../../../Engine/Plugins/Editor/SpeedTreeImporter/Content/SpeedTree9/Empty.uasset" 329
"../../../Engine/Plugins/Editor/SpeedTreeImporter/Content/SpeedTree9/Empty.uexp" 330
"../../../Engine/Plugins/Editor/SpeedTreeImporter/Content/SpeedTree9/SpeedTreeMaster.uasset" 331
"../../../Engine/Plugins/Editor/SpeedTreeImporter/Content/SpeedTree9/SpeedTreeMaster.uexp" 332
"../../../Engine/Plugins/Editor/SpeedTreeImporter/Content/SpeedTree9/SpeedTreeBillboard.uasset" 333
"../../../Engine/Plugins/Editor/SpeedTreeImporter/Content/SpeedTree9/SpeedTreeBillboard.uexp" 334
"../../../Engine/Plugins/Editor/SpeedTreeImporter/Content/SpeedTree9/SpeedTreeBillboardMaster.uasset" 335
"../../../Engine/Plugins/Editor/SpeedTreeImporter/Content/SpeedTree9/SpeedTreeBillboardMaster.uexp" 336
"../../../Engine/Plugins/Animation/ControlRig/Content/Controls/ControlRig_Diamond_solid.ubulk" 337
"../../../Engine/Plugins/Animation/ControlRig/Content/Controls/ControlRig_Diamond_solid.uasset" 338
"../../../Engine/Plugins/Animation/ControlRig/Content/Controls/ControlRig_Diamond_solid.uexp" 339
"../../../Engine/Plugins/Animation/ControlRig/Content/Controls/ControlRig_Diamond_3mm.ubulk" 340
"../../../Engine/Plugins/Animation/ControlRig/Content/Controls/ControlRig_Diamond_3mm.uasset" 341
"../../../Engine/Plugins/Animation/ControlRig/Content/Controls/ControlRig_Diamond_3mm.uexp" 342
"../../../Engine/Plugins/Animation/ControlRig/Content/Controls/ControlRig_Diamond_1mm.ubulk" 343
"../../../Engine/Plugins/Animation/ControlRig/Content/Controls/ControlRig_Diamond_1mm.uasset" 344
"../../../Engine/Plugins/Animation/ControlRig/Content/Controls/ControlRig_Diamond_1mm.uexp" 345
"../../../Engine/Plugins/Animation/ControlRig/Content/Controls/ControlRig_Circle_solid.ubulk" 346
"../../../Engine/Plugins/Animation/ControlRig/Content/Controls/ControlRig_Circle_solid.uasset" 347
"../../../Engine/Plugins/Animation/ControlRig/Content/Controls/ControlRig_Circle_solid.uexp" 348
"../../../Engine/Plugins/Animation/ControlRig/Content/Controls/ControlRig_Circle_3mm.ubulk" 349
"../../../Engine/Plugins/Animation/ControlRig/Content/Controls/ControlRig_Circle_3mm.uasset" 350
"../../../Engine/Plugins/Animation/ControlRig/Content/Controls/ControlRig_Circle_3mm.uexp" 351
"../../../Engine/Plugins/Animation/ControlRig/Content/Controls/ControlRig_Circle_1mm.ubulk" 352
"../../../Engine/Plugins/Animation/ControlRig/Content/Controls/ControlRig_Circle_1mm.uasset" 353
"../../../Engine/Plugins/Animation/ControlRig/Content/Controls/ControlRig_Circle_1mm.uexp" 354
"../../../Engine/Plugins/Animation/ControlRig/Content/Controls/ControlRig_Box_solid.ubulk" 355
"../../../Engine/Plugins/Animation/ControlRig/Content/Controls/ControlRig_Box_solid.uasset" 356
"../../../Engine/Plugins/Animation/ControlRig/Content/Controls/ControlRig_Box_solid.uexp" 357
"../../../Engine/Plugins/Animation/ControlRig/Content/Controls/ControlRig_Box_3mm.ubulk" 358
"../../../Engine/Plugins/Animation/ControlRig/Content/Controls/ControlRig_Box_3mm.uasset" 359
"../../../Engine/Plugins/Animation/ControlRig/Content/Controls/ControlRig_Box_3mm.uexp" 360
"../../../Engine/Plugins/Animation/ControlRig/Content/Controls/ControlRig_Box_1mm.ubulk" 361
"../../../Engine/Plugins/Animation/ControlRig/Content/Controls/ControlRig_Box_1mm.uasset" 362
"../../../Engine/Plugins/Animation/ControlRig/Content/Controls/ControlRig_Box_1mm.uexp" 363
"../../../Engine/Plugins/Animation/ControlRig/Content/Controls/ControlRig_Arrow_solid.ubulk" 364
"../../../Engine/Plugins/Animation/ControlRig/Content/Controls/ControlRig_Arrow_solid.uasset" 365
"../../../Engine/Plugins/Animation/ControlRig/Content/Controls/ControlRig_Arrow_solid.uexp" 366
"../../../Engine/Plugins/Animation/ControlRig/Content/Controls/ControlRig_Arrow_3mm.ubulk" 367
"../../../Engine/Plugins/Animation/ControlRig/Content/Controls/ControlRig_Arrow_3mm.uasset" 368
"../../../Engine/Plugins/Animation/ControlRig/Content/Controls/ControlRig_Arrow_3mm.uexp" 369
"../../../Engine/Plugins/Animation/ControlRig/Content/Controls/ControlRig_Arrow_1mm.ubulk" 370
"../../../Engine/Plugins/Animation/ControlRig/Content/Controls/ControlRig_Arrow_1mm.uasset" 371
"../../../Engine/Plugins/Animation/ControlRig/Content/Controls/ControlRig_Arrow_1mm.uexp" 372
"../../../Engine/Plugins/Animation/ControlRig/Content/Controls/ControlRig_Arrow4_solid.ubulk" 373
"../../../Engine/Plugins/Animation/ControlRig/Content/Controls/ControlRig_Arrow4_solid.uasset" 374
"../../../Engine/Plugins/Animation/ControlRig/Content/Controls/ControlRig_Arrow4_solid.uexp" 375
"../../../Engine/Plugins/Animation/ControlRig/Content/Controls/ControlRig_Arrow4_3mm.ubulk" 376
"../../../Engine/Plugins/Animation/ControlRig/Content/Controls/ControlRig_Arrow4_3mm.uasset" 377
"../../../Engine/Plugins/Animation/ControlRig/Content/Controls/ControlRig_Arrow4_3mm.uexp" 378
"../../../Engine/Plugins/Animation/ControlRig/Content/Controls/ControlRig_Arrow4_1mm.ubulk" 379
"../../../Engine/Plugins/Animation/ControlRig/Content/Controls/ControlRig_Arrow4_1mm.uasset" 380
"../../../Engine/Plugins/Animation/ControlRig/Content/Controls/ControlRig_Arrow4_1mm.uexp" 381
"../../../Engine/Plugins/Animation/ControlRig/Content/Controls/ControlRig_Arrow2_solid.ubulk" 382
"../../../Engine/Plugins/Animation/ControlRig/Content/Controls/ControlRig_Arrow2_solid.uasset" 383
"../../../Engine/Plugins/Animation/ControlRig/Content/Controls/ControlRig_Arrow2_solid.uexp" 384
"../../../Engine/Plugins/Animation/ControlRig/Content/Controls/ControlRig_Arrow2_3mm.ubulk" 385
"../../../Engine/Plugins/Animation/ControlRig/Content/Controls/ControlRig_Arrow2_3mm.uasset" 386
"../../../Engine/Plugins/Animation/ControlRig/Content/Controls/ControlRig_Arrow2_3mm.uexp" 387
"../../../Engine/Plugins/Animation/ControlRig/Content/Controls/ControlRig_Arrow2_1mm.ubulk" 388
"../../../Engine/Plugins/Animation/ControlRig/Content/Controls/ControlRig_Arrow2_1mm.uasset" 389
"../../../Engine/Plugins/Animation/ControlRig/Content/Controls/ControlRig_Arrow2_1mm.uexp" 390
"../../../Engine/Plugins/Animation/ControlRig/Content/Controls/ControlRigXRayMaterial.uasset" 391
"../../../Engine/Plugins/Animation/ControlRig/Content/Controls/ControlRigXRayMaterial.uexp" 392
"../../../Engine/Plugins/Animation/ControlRig/Content/Controls/ControlRigGizmoMaterial.uasset" 393
"../../../Engine/Plugins/Animation/ControlRig/Content/Controls/ControlRigGizmoMaterial.uexp" 394
"../../../Engine/Content/EngineSounds/Master.uasset" 395
"../../../Engine/Content/EngineSounds/Master.uexp" 396
"../../../Engine/Content/EngineResources/WhiteSquareTexture.uasset" 397
"../../../Engine/Content/EngineResources/WhiteSquareTexture.uexp" 398
"../../../Engine/Content/EngineMaterials/Widget3DPassThrough.uasset" 399
"../../../Engine/Content/EngineMaterials/Widget3DPassThrough.uexp" 400
"../../../Engine/Content/EngineMaterials/Widget3DPassThrough_Translucent.uasset" 401
"../../../Engine/Content/EngineMaterials/Widget3DPassThrough_Translucent.uexp" 402
"../../../Engine/Content/EngineMaterials/Widget3DPassThrough_Translucent_OneSided.uasset" 403
"../../../Engine/Content/EngineMaterials/Widget3DPassThrough_Translucent_OneSided.uexp" 404
"../../../Engine/Content/EngineMaterials/Widget3DPassThrough_Opaque.uasset" 405
"../../../Engine/Content/EngineMaterials/Widget3DPassThrough_Opaque.uexp" 406
"../../../Engine/Content/EngineMaterials/Widget3DPassThrough_Opaque_OneSided.uasset" 407
"../../../Engine/Content/EngineMaterials/Widget3DPassThrough_Opaque_OneSided.uexp" 408
"../../../Engine/Content/EngineMaterials/Widget3DPassThrough_Masked_OneSided.uasset" 409
"../../../Engine/Content/EngineMaterials/Widget3DPassThrough_Masked_OneSided.uexp" 410
"../../../Engine/Content/EngineMaterials/Widget3DPassThrough_Masked.uasset" 411
"../../../Engine/Content/EngineMaterials/Widget3DPassThrough_Masked.uexp" 412
"../../../Engine/Content/EngineMaterials/STBlueNoise_vec2_128x128x64.uasset" 413
"../../../Engine/Content/EngineMaterials/STBlueNoise_vec2_128x128x64.uexp" 414
"../../../Engine/Content/EngineMaterials/STBlueNoise_scalar_128x128x64.uasset" 415
"../../../Engine/Content/EngineMaterials/STBlueNoise_scalar_128x128x64.uexp" 416
"../../../Engine/Content/EngineMaterials/RemoveSurfaceMaterial.uasset" 417
"../../../Engine/Content/EngineMaterials/RemoveSurfaceMaterial.uexp" 418
"../../../Engine/Content/EngineMaterials/DefaultCalibrationGrayscale.uasset" 419
"../../../Engine/Content/EngineMaterials/DefaultCalibrationGrayscale.uexp" 420
"../../../Engine/Content/EngineMaterials/PPM_DefaultCalibrationGrayscale.uasset" 421
"../../../Engine/Content/EngineMaterials/PPM_DefaultCalibrationGrayscale.uexp" 422
"../../../Engine/Content/EngineMaterials/DefaultCalibrationColor.uasset" 423
"../../../Engine/Content/EngineMaterials/DefaultCalibrationColor.uexp" 424
"../../../Engine/Content/EngineMaterials/PPM_DefaultCalibrationColor.uasset" 425
"../../../Engine/Content/EngineMaterials/PPM_DefaultCalibrationColor.uexp" 426
"../../../Engine/Content/EngineMaterials/PhAT_JointLimitMaterial.uasset" 427
"../../../Engine/Content/EngineMaterials/PhAT_JointLimitMaterial.uexp" 428
"../../../Engine/Content/EngineMaterials/NaniteHiddenSectionMaterial.uasset" 429
"../../../Engine/Content/EngineMaterials/NaniteHiddenSectionMaterial.uexp" 430
"../../../Engine/Content/EngineMaterials/InvalidLightmapSettings.ubulk" 431
"../../../Engine/Content/EngineMaterials/InvalidLightmapSettings.uasset" 432
"../../../Engine/Content/EngineMaterials/InvalidLightmapSettings.uexp" 433
"../../../Engine/Content/EngineMaterials/M_InvalidLightmapSettings.uasset" 434
"../../../Engine/Content/EngineMaterials/M_InvalidLightmapSettings.uexp" 435
"../../../Engine/Content/EngineMaterials/GizmoMaterial.uasset" 436
"../../../Engine/Content/EngineMaterials/GizmoMaterial.uexp" 437
"../../../Engine/Content/EngineMaterials/BaseFlattenEmissiveMap_VT.uasset" 438
"../../../Engine/Content/EngineMaterials/BaseFlattenEmissiveMap_VT.uexp" 439
"../../../Engine/Content/EngineMaterials/BaseFlattenGrayscaleMap_VT.uasset" 440
"../../../Engine/Content/EngineMaterials/BaseFlattenGrayscaleMap_VT.uexp" 441
"../../../Engine/Content/EngineMaterials/BaseFlattenLinearColor_VT.uasset" 442
"../../../Engine/Content/EngineMaterials/BaseFlattenLinearColor_VT.uexp" 443
"../../../Engine/Content/EngineMaterials/Black_1x1_EXR_Texture_VT.uasset" 444
"../../../Engine/Content/EngineMaterials/Black_1x1_EXR_Texture_VT.uexp" 445
"../../../Engine/Content/EngineMaterials/BaseFlattenDiffuseMap_VT.uasset" 446
"../../../Engine/Content/EngineMaterials/BaseFlattenDiffuseMap_VT.uexp" 447
"../../../Engine/Content/EngineMaterials/BaseFlattenNormalMap_VT.uasset" 448
"../../../Engine/Content/EngineMaterials/BaseFlattenNormalMap_VT.uexp" 449
"../../../Engine/Content/EngineMaterials/FlattenMaterial_WS_Normal_VT.uasset" 450
"../../../Engine/Content/EngineMaterials/FlattenMaterial_WS_Normal_VT.uexp" 451
"../../../Engine/Content/EngineMaterials/FlattenMaterial_VT.uasset" 452
"../../../Engine/Content/EngineMaterials/FlattenMaterial_VT.uexp" 453
"../../../Engine/Content/EngineMaterials/BaseFlattenNormalMap.uasset" 454
"../../../Engine/Content/EngineMaterials/BaseFlattenNormalMap.uexp" 455
"../../../Engine/Content/EngineMaterials/BaseFlattenGrayscaleMap.uasset" 456
"../../../Engine/Content/EngineMaterials/BaseFlattenGrayscaleMap.uexp" 457
"../../../Engine/Content/EngineMaterials/BaseFlattenDiffuseMap.uasset" 458
"../../../Engine/Content/EngineMaterials/BaseFlattenDiffuseMap.uexp" 459
"../../../Engine/Content/Functions/Engine_MaterialFunctions02/PivotPainter2/Black_1x1_EXR_Texture.uasset" 460
"../../../Engine/Content/Functions/Engine_MaterialFunctions02/PivotPainter2/Black_1x1_EXR_Texture.uexp" 461
"../../../Engine/Content/EngineMaterials/BaseFlattenEmissiveMap.uasset" 462
"../../../Engine/Content/EngineMaterials/BaseFlattenEmissiveMap.uexp" 463
"../../../Engine/Content/EngineMaterials/BaseFlattenLinearColor.uasset" 464
"../../../Engine/Content/EngineMaterials/BaseFlattenLinearColor.uexp" 465
"../../../Engine/Content/EngineMaterials/FlattenMaterial.uasset" 466
"../../../Engine/Content/EngineMaterials/FlattenMaterial.uexp" 467
"../../../Engine/Content/EngineMaterials/DefaultWhiteGrid_Low.uasset" 468
"../../../Engine/Content/EngineMaterials/DefaultWhiteGrid_Low.uexp" 469
"../../../Engine/Content/EngineMaterials/EmissiveMeshMaterial.uasset" 470
"../../../Engine/Content/EngineMaterials/EmissiveMeshMaterial.uexp" 471
"../../../Engine/Content/EngineFonts/RobotoDistanceField.uasset" 472
"../../../Engine/Content/EngineFonts/RobotoDistanceField.uexp" 473
"../../../Engine/Content/EngineMaterials/DefaultTextMaterialOpaque.uasset" 474
"../../../Engine/Content/EngineMaterials/DefaultTextMaterialOpaque.uexp" 475
"../../../Engine/Content/EngineMaterials/DefaultDiffuse.ubulk" 476
"../../../Engine/Content/EngineMaterials/DefaultDiffuse.uasset" 477
"../../../Engine/Content/EngineMaterials/DefaultDiffuse.uexp" 478
"../../../Engine/Content/Functions/Engine_MaterialFunctions02/Utility/BreakOutFloat2Components.uasset" 479
"../../../Engine/Content/Functions/Engine_MaterialFunctions02/Utility/BreakOutFloat2Components.uexp" 480
"../../../Engine/Content/EngineMaterials/DefaultPostProcessMaterial.uasset" 481
"../../../Engine/Content/EngineMaterials/DefaultPostProcessMaterial.uexp" 482
"../../../Engine/Content/EngineMaterials/DefaultPhysicalMaterial.uasset" 483
"../../../Engine/Content/EngineMaterials/DefaultPhysicalMaterial.uexp" 484
"../../../Engine/Content/EngineMaterials/DefaultLightFunctionMaterial.uasset" 485
"../../../Engine/Content/EngineMaterials/DefaultLightFunctionMaterial.uexp" 486
"../../../Engine/Content/EngineMaterials/DefaultDestructiblePhysicalMaterial.uasset" 487
"../../../Engine/Content/EngineMaterials/DefaultDestructiblePhysicalMaterial.uexp" 488
"../../../Engine/Content/EngineMaterials/DefaultDeferredDecalMaterial.uasset" 489
"../../../Engine/Content/EngineMaterials/DefaultDeferredDecalMaterial.uexp" 490
"../../../Engine/Content/EngineMaterials/DefaultBloomKernel.uasset" 491
"../../../Engine/Content/EngineMaterials/DefaultBloomKernel.uexp" 492
"../../../Engine/Content/EngineFonts/Faces/RobotoLight.uexp" 493
"../../../Engine/Content/EngineFonts/Faces/RobotoLight.uasset" 494
"../../../Engine/Content/EngineFonts/Faces/RobotoLight.ufont" 495
"../../../Engine/Content/EngineFonts/Faces/RobotoBold.uexp" 496
"../../../Engine/Content/EngineFonts/Faces/RobotoBold.uasset" 497
"../../../Engine/Content/EngineFonts/Faces/RobotoBold.ufont" 498
"../../../Engine/Content/EngineFonts/Faces/RobotoRegular.uexp" 499
"../../../Engine/Content/EngineFonts/Faces/RobotoRegular.uasset" 500
"../../../Engine/Content/EngineFonts/Faces/RobotoRegular.ufont" 501
"../../../Engine/Content/EngineFonts/Faces/DroidSansFallback.uexp" 502
"../../../Engine/Content/EngineFonts/Faces/DroidSansFallback.uasset" 503
"../../../Engine/Content/EngineFonts/Faces/DroidSansFallback.ufont" 504
"../../../Engine/Content/EngineFonts/Faces/RobotoItalic.uexp" 505
"../../../Engine/Content/EngineFonts/Faces/RobotoItalic.uasset" 506
"../../../Engine/Content/EngineFonts/Faces/RobotoItalic.ufont" 507
"../../../Engine/Content/EngineFonts/Faces/RobotoBoldItalic.uexp" 508
"../../../Engine/Content/EngineFonts/Faces/RobotoBoldItalic.uasset" 509
"../../../Engine/Content/EngineFonts/Faces/RobotoBoldItalic.ufont" 510
"../../../Engine/Content/EngineFonts/Roboto.uasset" 511
"../../../Engine/Content/EngineFonts/Roboto.uexp" 512
"../../../Engine/Content/EditorResources/S_Terrain.ubulk" 513
"../../../Engine/Content/EditorResources/S_Terrain.uasset" 514
"../../../Engine/Content/EditorResources/S_Terrain.uexp" 515
"../../../Engine/Content/EditorResources/EmptyActor.uasset" 516
"../../../Engine/Content/EditorResources/EmptyActor.uexp" 517
"../../../Engine/Content/EditorResources/BSPVertex.uasset" 518
"../../../Engine/Content/EditorResources/BSPVertex.uexp" 519
"../../../Engine/Content/EditorLandscapeResources/DefaultAlphaTexture.uasset" 520
"../../../Engine/Content/EditorLandscapeResources/DefaultAlphaTexture.uexp" 521
"../../../Engine/Content/EditorLandscapeResources/DataLayer.uasset" 522
"../../../Engine/Content/EditorLandscapeResources/DataLayer.uexp" 523
"../../../Engine/Content/MobileResources/HUD/VirtualJoystick_Background.uasset" 524
"../../../Engine/Content/MobileResources/HUD/VirtualJoystick_Background.uexp" 525
"../../../Engine/Content/MobileResources/HUD/VirtualJoystick_Thumb.uasset" 526
"../../../Engine/Content/MobileResources/HUD/VirtualJoystick_Thumb.uexp" 527
"../../../Engine/Content/MobileResources/HUD/DefaultVirtualJoysticks.uasset" 528
"../../../Engine/Content/MobileResources/HUD/DefaultVirtualJoysticks.uexp" 529
"D:/Unreal Projects/TheArtOfFear/Content/Blueprints/Player/BP_PlayerState.uasset" 530
"D:/Unreal Projects/TheArtOfFear/Content/Blueprints/Player/BP_PlayerState.uexp" 531
"D:/Unreal Projects/TheArtOfFear/Content/Blueprints/Game/BP_GameState.uasset" 532
"D:/Unreal Projects/TheArtOfFear/Content/Blueprints/Game/BP_GameState.uexp" 533
"D:/Unreal Projects/TheArtOfFear/Content/Blueprints/Player/BP_PlayerController.uasset" 534
"D:/Unreal Projects/TheArtOfFear/Content/Blueprints/Player/BP_PlayerController.uexp" 535
"D:/Unreal Projects/TheArtOfFear/Content/Blueprints/Player/BP_PlayerCharacter.uasset" 536
"D:/Unreal Projects/TheArtOfFear/Content/Blueprints/Player/BP_PlayerCharacter.uexp" 537
"D:/Unreal Projects/TheArtOfFear/Content/Blueprints/Game/BP_GameMode.uasset" 538
"D:/Unreal Projects/TheArtOfFear/Content/Blueprints/Game/BP_GameMode.uexp" 539
"../../../Engine/Content/BasicShapes/Cube.ubulk" 540
"../../../Engine/Content/BasicShapes/Cube.uasset" 541
"../../../Engine/Content/BasicShapes/Cube.uexp" 542
"D:/Unreal Projects/TheArtOfFear/Content/Blueprints/Angel/BB_Angel.uasset" 543
"D:/Unreal Projects/TheArtOfFear/Content/Blueprints/Angel/BB_Angel.uexp" 544
"D:/Unreal Projects/TheArtOfFear/Content/Blueprints/Angel/BT_Angel.uasset" 545
"D:/Unreal Projects/TheArtOfFear/Content/Blueprints/Angel/BT_Angel.uexp" 546
"D:/Unreal Projects/TheArtOfFear/Content/Blueprints/Angel/BP_AngelController.uasset" 547
"D:/Unreal Projects/TheArtOfFear/Content/Blueprints/Angel/BP_AngelController.uexp" 548
"../../../Engine/Content/BasicShapes/BasicShapeMaterial.uasset" 549
"../../../Engine/Content/BasicShapes/BasicShapeMaterial.uexp" 550
"D:/Unreal Projects/TheArtOfFear/Content/Blueprints/Angel/M_Blue.uasset" 551
"D:/Unreal Projects/TheArtOfFear/Content/Blueprints/Angel/M_Blue.uexp" 552
"D:/Unreal Projects/TheArtOfFear/Content/Blueprints/Angel/BP_Angel.uasset" 553
"D:/Unreal Projects/TheArtOfFear/Content/Blueprints/Angel/BP_Angel.uexp" 554
"../../../Engine/Content/EngineSky/VolumetricClouds/CloudWeatherTexture.uasset" 555
"../../../Engine/Content/EngineSky/VolumetricClouds/CloudWeatherTexture.uexp" 556
"../../../Engine/Content/Functions/Engine_MaterialFunctions02/Utility/MakeFloat2.uasset" 557
"../../../Engine/Content/Functions/Engine_MaterialFunctions02/Utility/MakeFloat2.uexp" 558
"../../../Engine/Content/EngineSky/VolumetricClouds/CloudGradientTexture.uasset" 559
"../../../Engine/Content/EngineSky/VolumetricClouds/CloudGradientTexture.uexp" 560
"../../../Engine/Content/EngineSky/VolumetricClouds/T_NoiseShape64.ubulk" 561
"../../../Engine/Content/EngineSky/VolumetricClouds/T_NoiseShape64.uasset" 562
"../../../Engine/Content/EngineSky/VolumetricClouds/T_NoiseShape64.uexp" 563
"../../../Engine/Content/EngineSky/VolumetricClouds/T_VolumeNoiseShape64.uasset" 564
"../../../Engine/Content/EngineSky/VolumetricClouds/T_VolumeNoiseShape64.uexp" 565
"../../../Engine/Content/EngineSky/VolumetricClouds/T_NoiseErosion.ubulk" 566
"../../../Engine/Content/EngineSky/VolumetricClouds/T_NoiseErosion.uasset" 567
"../../../Engine/Content/EngineSky/VolumetricClouds/T_NoiseErosion.uexp" 568
"../../../Engine/Content/EngineSky/VolumetricClouds/T_VolumeNoiseErosion32.uasset" 569
"../../../Engine/Content/EngineSky/VolumetricClouds/T_VolumeNoiseErosion32.uexp" 570
"../../../Engine/Content/EngineSky/VolumetricClouds/m_SimpleVolumetricCloud.uasset" 571
"../../../Engine/Content/EngineSky/VolumetricClouds/m_SimpleVolumetricCloud.uexp" 572
"../../../Engine/Content/EngineSky/VolumetricClouds/m_SimpleVolumetricCloud_Inst.uasset" 573
"../../../Engine/Content/EngineSky/VolumetricClouds/m_SimpleVolumetricCloud_Inst.uexp" 574
"../../../Engine/Content/EngineResources/FilmGrains/Marcie_Grain_v3_128_M2_000.uasset" 575
"../../../Engine/Content/EngineResources/FilmGrains/Marcie_Grain_v3_128_M2_000.uexp" 576
"../../../Engine/Content/EditorResources/SequenceRecorder/RecordingIndicator.uasset" 577
"../../../Engine/Content/EditorResources/SequenceRecorder/RecordingIndicator.uexp" 578
"../../../Engine/Content/EditorResources/SequenceRecorder/Countdown.uasset" 579
"../../../Engine/Content/EditorResources/SequenceRecorder/Countdown.uexp" 580
"D:/Unreal Projects/TheArtOfFear/Content/Blueprints/Player/Input/IA_Sprint.uasset" 581
"D:/Unreal Projects/TheArtOfFear/Content/Blueprints/Player/Input/IA_Sprint.uexp" 582
"D:/Unreal Projects/TheArtOfFear/Content/Blueprints/Player/Input/IA_Look.uasset" 583
"D:/Unreal Projects/TheArtOfFear/Content/Blueprints/Player/Input/IA_Look.uexp" 584
"D:/Unreal Projects/TheArtOfFear/Content/Blueprints/Player/Input/IA_Move.uasset" 585
"D:/Unreal Projects/TheArtOfFear/Content/Blueprints/Player/Input/IA_Move.uexp" 586
"D:/Unreal Projects/TheArtOfFear/Content/Blueprints/Player/Input/IA_Jump.uasset" 587
"D:/Unreal Projects/TheArtOfFear/Content/Blueprints/Player/Input/IA_Jump.uexp" 588
"D:/Unreal Projects/TheArtOfFear/Content/Blueprints/Player/Input/IMC_KeyboardAndMouse.uasset" 589
"D:/Unreal Projects/TheArtOfFear/Content/Blueprints/Player/Input/IMC_KeyboardAndMouse.uexp" 590
"D:/Unreal Projects/TheArtOfFear/Content/Blueprints/Player/Input/IA_TakePhoto.uasset" 591
"D:/Unreal Projects/TheArtOfFear/Content/Blueprints/Player/Input/IA_TakePhoto.uexp" 592
"D:/Unreal Projects/TheArtOfFear/Content/Blueprints/Player/Input/IA_Pause.uasset" 593
"D:/Unreal Projects/TheArtOfFear/Content/Blueprints/Player/Input/IA_Pause.uexp" 594
"D:/Unreal Projects/TheArtOfFear/Content/Blueprints/Player/Input/IA_Interact.uasset" 595
"D:/Unreal Projects/TheArtOfFear/Content/Blueprints/Player/Input/IA_Interact.uexp" 596
"D:/Unreal Projects/TheArtOfFear/Content/Blueprints/Player/Input/IMC_Gamepad.uasset" 597
"D:/Unreal Projects/TheArtOfFear/Content/Blueprints/Player/Input/IMC_Gamepad.uexp" 598
"D:/Unreal Projects/TheArtOfFear/Content/Blueprints/Player/Input/DA_InputConfig.uasset" 599
"D:/Unreal Projects/TheArtOfFear/Content/Blueprints/Player/Input/DA_InputConfig.uexp" 600
"../../../Engine/Content/Functions/Engine_MaterialFunctions01/Shading/PowerToRoughness.uasset" 601
"../../../Engine/Content/Functions/Engine_MaterialFunctions01/Shading/PowerToRoughness.uexp" 602
"../../../Engine/Content/Functions/Engine_MaterialFunctions01/Shading/ConvertFromDiffSpec.uasset" 603
"../../../Engine/Content/Functions/Engine_MaterialFunctions01/Shading/ConvertFromDiffSpec.uexp" 604
"../../../Engine/Content/Maps/Entry_BuiltData.uasset" 605
"../../../Engine/Content/Maps/Entry_BuiltData.uexp" 606
"../../../Engine/Content/Maps/Entry.uexp" 607
"../../../Engine/Content/Maps/Entry.umap" 608
"../../../Engine/Content/EngineMaterials/BlendFunc_DefBlend.uasset" 609
"../../../Engine/Content/EngineMaterials/BlendFunc_DefBlend.uexp" 610
"../../../Engine/Content/EngineMaterials/BlendFunc_DefBase.uasset" 611
"../../../Engine/Content/EngineMaterials/BlendFunc_DefBase.uexp" 612
"../../../Engine/Content/Functions/Engine_MaterialFunctions03/Blends/Blend_Overlay.uasset" 613
"../../../Engine/Content/Functions/Engine_MaterialFunctions03/Blends/Blend_Overlay.uexp" 614
"../../../Engine/Content/OpenWorldTemplate/LandscapeMaterial/T_GridChecker_A.ubulk" 615
"../../../Engine/Content/OpenWorldTemplate/LandscapeMaterial/T_GridChecker_A.uasset" 616
"../../../Engine/Content/OpenWorldTemplate/LandscapeMaterial/T_GridChecker_A.uexp" 617
"../../../Engine/Content/Functions/Engine_MaterialFunctions02/Utility/MakeFloat3.uasset" 618
"../../../Engine/Content/Functions/Engine_MaterialFunctions02/Utility/MakeFloat3.uexp" 619
"../../../Engine/Content/Functions/Engine_MaterialFunctions01/Gradient/LinearGradient.uasset" 620
"../../../Engine/Content/Functions/Engine_MaterialFunctions01/Gradient/LinearGradient.uexp" 621
"../../../Engine/Content/Functions/Engine_MaterialFunctions01/ImageAdjustment/CheapContrast.uasset" 622
"../../../Engine/Content/Functions/Engine_MaterialFunctions01/ImageAdjustment/CheapContrast.uexp" 623
"../../../Engine/Content/OpenWorldTemplate/LandscapeMaterial/MF_ProcGrid.uasset" 624
"../../../Engine/Content/OpenWorldTemplate/LandscapeMaterial/MF_ProcGrid.uexp" 625
"../../../Engine/Content/OpenWorldTemplate/LandscapeMaterial/M_ProcGrid.uasset" 626
"../../../Engine/Content/OpenWorldTemplate/LandscapeMaterial/M_ProcGrid.uexp" 627
"../../../Engine/Content/OpenWorldTemplate/LandscapeMaterial/MI_ProcGrid.uasset" 628
"../../../Engine/Content/OpenWorldTemplate/LandscapeMaterial/MI_ProcGrid.uexp" 629
"../../../Engine/Content/EngineSky/T_Sky_Stars.ubulk" 630
"../../../Engine/Content/EngineSky/T_Sky_Stars.uasset" 631
"../../../Engine/Content/EngineSky/T_Sky_Stars.uexp" 632
"../../../Engine/Content/EngineSky/T_Sky_Clouds_M.ubulk" 633
"../../../Engine/Content/EngineSky/T_Sky_Clouds_M.uasset" 634
"../../../Engine/Content/EngineSky/T_Sky_Clouds_M.uexp" 635
"../../../Engine/Content/EngineSky/T_Sky_Blue.ubulk" 636
"../../../Engine/Content/EngineSky/T_Sky_Blue.uasset" 637
"../../../Engine/Content/EngineSky/T_Sky_Blue.uexp" 638
"../../../Engine/Content/EngineSky/M_Sky_Panning_Clouds2.uasset" 639
"../../../Engine/Content/EngineSky/M_Sky_Panning_Clouds2.uexp" 640
"../../../Engine/Content/EngineSky/SM_SkySphere.ubulk" 641
"../../../Engine/Content/EngineSky/SM_SkySphere.uasset" 642
"../../../Engine/Content/EngineSky/SM_SkySphere.uexp" 643
"../../../Engine/Content/MapTemplates/SM_Template_Map_Floor.ubulk" 644
"../../../Engine/Content/MapTemplates/SM_Template_Map_Floor.uasset" 645
"../../../Engine/Content/MapTemplates/SM_Template_Map_Floor.uexp" 646
"../../../Engine/Content/EngineSky/M_SimpleSkyDome.uasset" 647
"../../../Engine/Content/EngineSky/M_SimpleSkyDome.uexp" 648
"D:/Unreal Projects/TheArtOfFear/Content/Maps/Map_Gym.uexp" 649
"D:/Unreal Projects/TheArtOfFear/Content/Maps/Map_Gym.umap" 650
